2018-07-04T02:47:19+00:00 CRITICAL Uncaught Error: Cannot use object of type WP_Post as array in /opt/lampp/htdocs/bcodes-wp/wp-content/themes/bcodes/works.php:31
Stack trace:
#0 /opt/lampp/htdocs/bcodes-wp/wp-includes/template-loader.php(74): include()
#1 /opt/lampp/htdocs/bcodes-wp/wp-blog-header.php(19): require_once('/opt/lampp/htdo...')
#2 /opt/lampp/htdocs/bcodes-wp/index.php(17): require('/opt/lampp/htdo...')
#3 {main}
  thrown

2018-07-04T04:15:28+00:00 CRITICAL Uncaught Error: Call to undefined function get_attachment_url_by_slug() in /opt/lampp/htdocs/bcodes-wp/wp-content/themes/bcodes/works.php:42
Stack trace:
#0 /opt/lampp/htdocs/bcodes-wp/wp-includes/template-loader.php(74): include()
#1 /opt/lampp/htdocs/bcodes-wp/wp-blog-header.php(19): require_once('/opt/lampp/htdo...')
#2 /opt/lampp/htdocs/bcodes-wp/index.php(17): require('/opt/lampp/htdo...')
#3 {main}
  thrown

2018-07-04T04:18:07+00:00 CRITICAL Uncaught Error: Call to undefined function get_attachment_url_by_slug() in /opt/lampp/htdocs/bcodes-wp/wp-content/themes/bcodes/works.php:42
Stack trace:
#0 /opt/lampp/htdocs/bcodes-wp/wp-includes/template-loader.php(74): include()
#1 /opt/lampp/htdocs/bcodes-wp/wp-blog-header.php(19): require_once('/opt/lampp/htdo...')
#2 /opt/lampp/htdocs/bcodes-wp/index.php(17): require('/opt/lampp/htdo...')
#3 {main}
  thrown

2018-07-04T04:19:26+00:00 CRITICAL Uncaught Error: Call to undefined function get_attachment_url_by_slug() in /opt/lampp/htdocs/bcodes-wp/wp-content/themes/bcodes/works.php:42
Stack trace:
#0 /opt/lampp/htdocs/bcodes-wp/wp-includes/template-loader.php(74): include()
#1 /opt/lampp/htdocs/bcodes-wp/wp-blog-header.php(19): require_once('/opt/lampp/htdo...')
#2 /opt/lampp/htdocs/bcodes-wp/index.php(17): require('/opt/lampp/htdo...')
#3 {main}
  thrown

2018-07-04T04:21:29+00:00 CRITICAL Uncaught Error: Call to undefined function get_attachment_url_by_slug() in /opt/lampp/htdocs/bcodes-wp/wp-content/themes/bcodes/works.php:42
Stack trace:
#0 /opt/lampp/htdocs/bcodes-wp/wp-includes/template-loader.php(74): include()
#1 /opt/lampp/htdocs/bcodes-wp/wp-blog-header.php(19): require_once('/opt/lampp/htdo...')
#2 /opt/lampp/htdocs/bcodes-wp/index.php(17): require('/opt/lampp/htdo...')
#3 {main}
  thrown

