2018-07-06T05:35:10+00:00 CRITICAL Uncaught Error: Call to undefined function get_the_post_content() in /opt/lampp/htdocs/bcodes-wp/wp-content/themes/bcodes/front-page.php:20
Stack trace:
#0 /opt/lampp/htdocs/bcodes-wp/wp-includes/template-loader.php(74): include()
#1 /opt/lampp/htdocs/bcodes-wp/wp-blog-header.php(19): require_once('/opt/lampp/htdo...')
#2 /opt/lampp/htdocs/bcodes-wp/index.php(17): require('/opt/lampp/htdo...')
#3 {main}
  thrown

2018-07-06T06:35:40+00:00 CRITICAL Uncaught Error: Cannot use object of type WP_Error as array in /opt/lampp/htdocs/bcodes-wp/wp-content/themes/bcodes/front-page.php:21
Stack trace:
#0 /opt/lampp/htdocs/bcodes-wp/wp-includes/template-loader.php(74): include()
#1 /opt/lampp/htdocs/bcodes-wp/wp-blog-header.php(19): require_once('/opt/lampp/htdo...')
#2 /opt/lampp/htdocs/bcodes-wp/index.php(17): require('/opt/lampp/htdo...')
#3 {main}
  thrown

2018-07-06T06:35:59+00:00 CRITICAL Uncaught Error: Cannot use object of type WP_Error as array in /opt/lampp/htdocs/bcodes-wp/wp-content/themes/bcodes/front-page.php:21
Stack trace:
#0 /opt/lampp/htdocs/bcodes-wp/wp-includes/template-loader.php(74): include()
#1 /opt/lampp/htdocs/bcodes-wp/wp-blog-header.php(19): require_once('/opt/lampp/htdo...')
#2 /opt/lampp/htdocs/bcodes-wp/index.php(17): require('/opt/lampp/htdo...')
#3 {main}
  thrown

2018-07-06T06:36:47+00:00 CRITICAL Uncaught Error: Cannot use object of type WP_Error as array in /opt/lampp/htdocs/bcodes-wp/wp-content/themes/bcodes/front-page.php:21
Stack trace:
#0 /opt/lampp/htdocs/bcodes-wp/wp-includes/template-loader.php(74): include()
#1 /opt/lampp/htdocs/bcodes-wp/wp-blog-header.php(19): require_once('/opt/lampp/htdo...')
#2 /opt/lampp/htdocs/bcodes-wp/index.php(17): require('/opt/lampp/htdo...')
#3 {main}
  thrown

